1 1
2 1
3 3
4 1
5 1
6 6
7 5
8 2
9 7
10 2
11 7
12 12
13 5
14 10
15 15
16 5
17 10
18 15
19 1
20 6
21 11
22 16
23 21
24 2
25 7
26 12
27 17
28 22
29 27
30 2
31 7
32 12
33 17
34 22
35 27
36 32
37 37
38 5
39 10
40 15
41 20
42 25
43 30
44 35
45 40
46 45
47 3
48 8
49 13
50 18
51 23
52 28
53 33
54 38
55 43
56 48
57 53
58 58
59 5
60 10
61 15
62 20
63 25
64 30
65 35
66 40
67 45
68 50
69 55
70 60
71 65
72 70
73 2
74 7
75 12
76 17
77 22
78 27
79 32
80 37
81 42
82 47
83 52
84 57
85 62
86 67
87 72
88 77
89 82
90 87
91 1
92 6
93 11
94 16
95 21
96 26
97 31
98 36
99 41
100 46
101 51
102 56
103 61
104 66
105 71
106 76
107 81
108 86
109 91
110 96
111 101
112 106
113 111
114 2
115 7
116 12
117 17
118 22
119 27
120 32
121 37
122 42
123 47
124 52
125 57
126 62
127 67
128 72
129 77
130 82
131 87
132 92
133 97
134 102
135 107
136 112
137 117
138 122
139 127
140 132
141 137
142 142
143 5
144 10
145 15
146 20
147 25
148 30
149 35
150 40
151 45
152 50
153 55
154 60
155 65
156 70
157 75
158 80
159 85
160 90
161 95
162 100
163 105
164 110
165 115
166 120
167 125
168 130
169 135
170 140
171 145
172 150
173 155
174 160
175 165
176 170
177 175
178 2
179 7
180 12
181 17
182 22
183 27
184 32
185 37
186 42
187 47
188 52
189 57
190 62
191 67
192 72
193 77
194 82
195 87
196 92
197 97
198 102
199 107
200 112
201 117
202 122
203 127
204 132
205 137
206 142
207 147
208 152
209 157
210 162
211 167
212 172
213 177
214 182
215 187
216 192
217 197
218 202
219 207
220 212
221 217
222 222
223 5
224 10
225 15
226 20
227 25
228 30
229 35
230 40
231 45
232 50
233 55
234 60
235 65
236 70
237 75
238 80
239 85
240 90
241 95
242 100
243 105
244 110
245 115
246 120
247 125
248 130
249 135
250 140
251 145
252 150
253 155
254 160
255 165
256 170
257 175
258 180
259 185
260 190
261 195
262 200
263 205
264 210
265 215
266 220
267 225
268 230
269 235
270 240
271 245
272 250
273 255
274 260
275 265
276 270
277 275
278 2
279 7
280 12
281 17
282 22
283 27
284 32
285 37
286 42
287 47
288 52
289 57
290 62
291 67
292 72
293 77
294 82
295 87
296 92
297 97
298 102
299 107
300 112
301 117
302 122
303 127
304 132
305 137
306 142
307 147
308 152
309 157
310 162
311 167
312 172
313 177
314 182
315 187
316 192
317 197
318 202
319 207
320 212
321 217
322 222
323 227
324 232
325 237
326 242
327 247
328 252
329 257
330 262
331 267
332 272
333 277
334 282
335 287
336 292
337 297
338 302
339 307
340 312
341 317
342 322
343 327
344 332
345 337
346 342
347 347
348 5
349 10
350 15
351 20
352 25
353 30
354 35
355 40
356 45
357 50
358 55
359 60
360 65
361 70
362 75
363 80
364 85
365 90
366 95
367 100
368 105
369 110
370 115
371 120
372 125
373 130
374 135
375 140
376 145
377 150
378 155
379 160
380 165
381 170
382 175
383 180
384 185
385 190
386 195
387 200
388 205
389 210
390 215
391 220
392 225
393 230
394 235
395 240
396 245
397 250
398 255
399 260
400 265
401 270
402 275
403 280
404 285
405 290
406 295
407 300
408 305
409 310
410 315
411 320
412 325
413 330
414 335
415 340
416 345
417 350
418 355
419 360
420 365
421 370
422 375
423 380
424 385
425 390
426 395
427 400
428 405
429 410
430 415
431 420
432 425
433 430
434 1
435 6
436 11
437 16
438 21
439 26
440 31
441 36
442 41
443 46
444 51
445 56
446 61
447 66
448 71
449 76
450 81
451 86
452 91
453 96
454 101
455 106
456 111
457 116
458 121
459 126
460 131
461 136
462 141
463 146
464 151
465 156
466 161
467 166
468 171
469 176
470 181
471 186
472 191
473 196
474 201
475 206
476 211
477 216
478 221
479 226
480 231
481 236
482 241
483 246
484 251
485 256
486 261
487 266
488 271
489 276
490 281
491 286
492 291
493 296
494 301
495 306
496 311
497 316
498 321
499 326
500 331
501 336
502 341
503 346
504 351
505 356
506 361
507 366
508 371
509 376
510 381
511 386
512 391
513 396
514 401
515 406
516 411
517 416
518 421
519 426
520 431
521 436
522 441
523 446
524 451
525 456
526 461
527 466
528 471
529 476
530 481
531 486
532 491
533 496
534 501
535 506
536 511
537 516
538 521
539 526
540 531
541 536
542 541
543 3
544 8
545 13
546 18
547 23
548 28
549 33
550 38
551 43
552 48
553 53
554 58
555 63
556 68
557 73
558 78
559 83
560 88
561 93
562 98
563 103
564 108
565 113
566 118
567 123
568 128
569 133
570 138
571 143
572 148
573 153
574 158
575 163
576 168
577 173
578 178
579 183
580 188
581 193
582 198
583 203
584 208
585 213
586 218
587 223
588 228
589 233
590 238
591 243
592 248
593 253
594 258
595 263
596 268
597 273
598 278
599 283
600 288
601 293
602 298
603 303
604 308
605 313
606 318
607 323
608 328
609 333
610 338
611 343
612 348
613 353
614 358
615 363
616 368
617 373
618 378
619 383
620 388
621 393
622 398
623 403
624 408
625 413
626 418
627 423
628 428
629 433
630 438
631 443
632 448
633 453
634 458
635 463
636 468
637 473
638 478
639 483
640 488
641 493
642 498
643 503
644 508
645 513
646 518
647 523
648 528
649 533
650 538
651 543
652 548
653 553
654 558
655 563
656 568
657 573
658 578
659 583
660 588
661 593
662 598
663 603
664 608
665 613
666 618
667 623
668 628
669 633
670 638
671 643
672 648
673 653
674 658
675 663
676 668
677 673
678 678
679 5
680 10
681 15
682 20
683 25
684 30
685 35
686 40
687 45
688 50
689 55
690 60
691 65
692 70
693 75
694 80
695 85
696 90
697 95
698 100
699 105
700 110
701 115
702 120
703 125
704 130
705 135
706 140
707 145
708 150
709 155
710 160
711 165
712 170
713 175
714 180
715 185
716 190
717 195
718 200
719 205
720 210
721 215
722 220
723 225
724 230
725 235
726 240
727 245
728 250
729 255
730 260
731 265
732 270
733 275
734 280
735 285
736 290
737 295
738 300
739 305
740 310
741 315
742 320
743 325
744 330
745 335
746 340
747 345
748 350
749 355
750 360
751 365
752 370
753 375
754 380
755 385
756 390
757 395
758 400
759 405
760 410
761 415
762 420
763 425
764 430
765 435
766 440
767 445
768 450
769 455
770 460
771 465
772 470
773 475
774 480
775 485
776 490
777 495
778 500
779 505
780 510
781 515
782 520
783 525
784 530
785 535
786 540
787 545
788 550
789 555
790 560
791 565
792 570
793 575
794 580
795 585
796 590
797 595
798 600
799 605
800 610
801 615
802 620
803 625
804 630
805 635
806 640
807 645
808 650
809 655
810 660
811 665
812 670
813 675
814 680
815 685
816 690
817 695
818 700
819 705
820 710
821 715
822 720
823 725
824 730
825 735
826 740
827 745
828 750
829 755
830 760
831 765
832 770
833 775
834 780
835 785
836 790
837 795
838 800
839 805
840 810
841 815
842 820
843 825
844 830
845 835
846 840
847 845
848 2
849 7
850 12
851 17
852 22
853 27
854 32
855 37
856 42
857 47
858 52
859 57
860 62
861 67
862 72
863 77
864 82
865 87
866 92
867 97
868 102
869 107
870 112
871 117
872 122
873 127
874 132
875 137
876 142
877 147
878 152
879 157
880 162
881 167
882 172
883 177
884 182
885 187
886 192
887 197
888 202
889 207
890 212
891 217
892 222
893 227
894 232
895 237
896 242
897 247
898 252
899 257
900 262
901 267
902 272
903 277
904 282
905 287
906 292
907 297
908 302
909 307
910 312
911 317
912 322
913 327
914 332
915 337
916 342
917 347
918 352
919 357
920 362
921 367
922 372
923 377
924 382
925 387
926 392
927 397
928 402
929 407
930 412
931 417
932 422
933 427
934 432
935 437
936 442
937 447
938 452
939 457
940 462
941 467
942 472
943 477
944 482
945 487
946 492
947 497
948 502
949 507
950 512
951 517
952 522
953 527
954 532
955 537
956 542
957 547
958 552
959 557
960 562
961 567
962 572
963 577
964 582
965 587
966 592
967 597
968 602
969 607
970 612
971 617
972 622
973 627
974 632
975 637
976 642
977 647
978 652
979 657
980 662
981 667
982 672
983 677
984 682
985 687
986 692
987 697
988 702
989 707
990 712
991 717
992 722
993 727
994 732
995 737
996 742
997 747
998 752
999 757
1000 762
